<?xml version='1.0' encoding='UTF-8'?>
<testsuite hostname="DESKTOP-LUPFDAH" name="PriceOptimizerSpec" tests="5" errors="0" failures="0" skipped="0" time="0.012" timestamp="2019-04-19T08:09:09">
                     <properties>
[...]
</properties>
                     <testcase classname="PriceOptimizerSpec" name="PriceOptimizer should determine the lowest-priced cabin by cabinCode and rateGroup" time="0.01">
                                                 
                                               </testcase><testcase classname="PriceOptimizerSpec" name="PriceOptimizer should return an empty Seq if given empty Seqs" time="0.001">
                                                 
                                               </testcase><testcase classname="PriceOptimizerSpec" name="PriceOptimizer should ignore unused Rates" time="0.0">
                                                 
                                               </testcase><testcase classname="PriceOptimizerSpec" name="PriceOptimizer should throw a DuplicateRateCodeMappingException if two or more Rates have the same rateCode" time="0.001">
                                                 
                                               </testcase><testcase classname="PriceOptimizerSpec" name="PriceOptimizer should throw a MissingGroupForRateCodeException if a CabinPrice includes a rateCode not included in a Rate" time="0.0">
                                                 
                                               </testcase>
                     <system-out><![CDATA[]]></system-out>
                     <system-err><![CDATA[]]></system-err>
                   </testsuite>